0 info it worked if it ends with ok
1 verbose cli [ '/usr/bin/node', '/usr/bin/npm', '-g', 'install', 'yuglify' ]
2 info using npm@1.4.28
3 info using node@v0.10.37
4 verbose node symlink /usr/bin/node
5 verbose cache add [ 'yuglify', null ]
6 verbose cache add name=undefined spec="yuglify" args=["yuglify",null]
7 verbose parsed url { protocol: null,
7 verbose parsed url   slashes: null,
7 verbose parsed url   auth: null,
7 verbose parsed url   host: null,
7 verbose parsed url   port: null,
7 verbose parsed url   hostname: null,
7 verbose parsed url   hash: null,
7 verbose parsed url   search: null,
7 verbose parsed url   query: null,
7 verbose parsed url   pathname: 'yuglify',
7 verbose parsed url   path: 'yuglify',
7 verbose parsed url   href: 'yuglify' }
8 silly lockFile a15791f5-yuglify yuglify
9 verbose lock yuglify /home/gus/.npm/a15791f5-yuglify.lock
10 silly lockFile a15791f5-yuglify yuglify
11 silly lockFile a15791f5-yuglify yuglify
12 verbose addNamed [ 'yuglify', '' ]
13 verbose addNamed [ null, '*' ]
14 silly lockFile e77d10d2-yuglify yuglify@
15 verbose lock yuglify@ /home/gus/.npm/e77d10d2-yuglify.lock
16 silly addNameRange { name: 'yuglify', range: '*', hasData: false }
17 verbose request where is /yuglify
18 verbose request registry https://registry.npmjs.org/
19 verbose request id 587d4493d87a6828
20 verbose url raw /yuglify
21 verbose url resolving [ 'https://registry.npmjs.org/', './yuglify' ]
22 verbose url resolved https://registry.npmjs.org/yuglify
23 verbose request where is https://registry.npmjs.org/yuglify
24 info trying registry request attempt 1 at 14:35:05
25 verbose etag "6EX7Y8ZUNLQGJO6A3BVILGV17"
26 http GET https://registry.npmjs.org/yuglify
27 http 304 https://registry.npmjs.org/yuglify
28 silly registry.get cb [ 304,
28 silly registry.get   { date: 'Thu, 15 Oct 2015 17:35:06 GMT',
28 silly registry.get     via: '1.1 varnish',
28 silly registry.get     'cache-control': 'max-age=60',
28 silly registry.get     etag: '"6EX7Y8ZUNLQGJO6A3BVILGV17"',
28 silly registry.get     age: '0',
28 silly registry.get     connection: 'keep-alive',
28 silly registry.get     'x-served-by': 'cache-jfk1026-JFK',
28 silly registry.get     'x-cache': 'MISS',
28 silly registry.get     'x-cache-hits': '0',
28 silly registry.get     'x-timer': 'S1444930506.788551,VS0,VE32',
28 silly registry.get     vary: 'Accept' } ]
29 verbose etag https://registry.npmjs.org/yuglify from cache
30 silly addNameRange number 2 { name: 'yuglify', range: '*', hasData: true }
31 silly addNameRange versions [ 'yuglify',
31 silly addNameRange   [ '0.0.1', '0.1.0', '0.1.1', '0.1.2', '0.1.3', '0.1.4' ] ]
32 verbose addNamed [ 'yuglify', '0.1.4' ]
33 verbose addNamed [ '0.1.4', '0.1.4' ]
34 silly lockFile 2278936e-yuglify-0-1-4 yuglify@0.1.4
35 verbose lock yuglify@0.1.4 /home/gus/.npm/2278936e-yuglify-0-1-4.lock
36 silly lockFile 2278936e-yuglify-0-1-4 yuglify@0.1.4
37 silly lockFile 2278936e-yuglify-0-1-4 yuglify@0.1.4
38 silly lockFile e77d10d2-yuglify yuglify@
39 silly lockFile e77d10d2-yuglify yuglify@
40 silly resolved [ { name: 'yuglify',
40 silly resolved     description: 'cli wrapper for uglify and cssmin used by YUI',
40 silly resolved     version: '0.1.4',
40 silly resolved     dependencies: { 'uglify-js': '~1.3.4', ycssmin: '~1.0.1', nopt: '~2.1.1' },
40 silly resolved     devDependencies: { 'yui-lint': '~0.1.1', jshint: '~0.9.0', vows: '*' },
40 silly resolved     main: './lib/index.js',
40 silly resolved     bin: { yuglify: './bin/yuglify' },
40 silly resolved     scripts:
40 silly resolved      { pretest: 'jshint --config ./node_modules/yui-lint/jshint.json ./lib/*.js ./bin/yuglify',
40 silly resolved        test: 'vows --spec ./tests/*.js' },
40 silly resolved     preferGlobal: 'true',
40 silly resolved     bugs: { url: 'http://github.com/yui/yuglify/issues' },
40 silly resolved     licenses: [ [Object] ],
40 silly resolved     repository: { type: 'git', url: 'http://github.com/yui/yuglify.git' },
40 silly resolved     readme: 'yUglify\n=======\n\n`yuglify` is a wrapper around [UglifyJS](https://github.com/mishoo/UglifyJS) and [cssmin](https://github.com/jbleuzen/node-cssmin)\nwith the default YUI configurations on each of them.\n\n\nBuild Status\n------------\n\n[![Build Status](https://secure.travis-ci.org/yui/yuglify.png?branch=master)](http://travis-ci.org/yui/yuglify)\n\n\nCLI Usage\n----------\n\n    npm -g install yuglify\n\n`yuglify` has a very simple CLI interface to allow you to compress files from the command line.\n\n    yuglify ./lib/*.js #uses shell globbing, won\'t work on Windows\n\nThis will read all passed files and compress them (js or css) and write them back beside the original\nwith the name altered to `-min.js|css`.\n\nRequired\n--------\n\n    npm install yuglify\n\n\n```javascript\n\nvar yuglify = require(\'yuglify\');\n\nyuglify.jsmin(\'<string of source\', function(err, smashed) {\n    fs.writeFile(\'/path/to/file\', smashed, \'utf8\', function() {});\n});\n\nyuglify.cssmin(\'<string of source\', function(err, smashed) {\n    fs.writeFile(\'/path/to/file\', smashed, \'utf8\', function() {});\n});\n\n```\n\nPurpose\n-------\n\nThis module is primarily designed to be used inside [shifter](http://yui.github.com/shifter/).\n\nWhy not use the default Uglify?\n-------------------------------\n\nWe need to support the `/*!` license comment blocks when minifying, so we added\na preprocessor to the code to pull them from the source, then place them back when\nthe minification is complete.\n\nWe also needed to make sure that the file ends in a clean line ending for our\ncombo servers. This way we ensure that other modules don\'t have to end with a\nsemi-colon and the combohandler doesn\'t concat them together in a bad way.\n\nWe\'ve also added support to add a semi-colon if the last character of the\nminified source is either a `)` or a `}`.\n\nThe last thing this module does is provide the default config that we think\nis the most compatible with the way that YUI Compressor used to minify our\nfiles.\n\n```javascript\n{\n    mangle: true,\n    squeeze: true,\n    semicolon: false,\n    lift_vars: false,\n    mangle_toplevel: true,\n    no_mangle_functions: true,\n    max_line_length: 6000\n}\n```\n\nTesting\n-------\n\nCurrently, the tests for this module are just to make sure that they are exported properly.\nShifter\'s test suite validates that these compressors are working as expected. Soon, we\'ll\nmove them over to this repo too.\n',
40 silly resolved     readmeFilename: 'README.md',
40 silly resolved     _id: 'yuglify@0.1.4',
40 silly resolved     dist:
40 silly resolved      { shasum: '726d5e4af810f741ef21865f6f954c4078a3a45f',
40 silly resolved        tarball: 'http://registry.npmjs.org/yuglify/-/yuglify-0.1.4.tgz' },
40 silly resolved     _from: 'yuglify@',
40 silly resolved     _npmVersion: '1.2.15',
40 silly resolved     _npmUser: { name: 'davglass', email: 'davglass@gmail.com' },
40 silly resolved     maintainers: [ [Object] ],
40 silly resolved     directories: {},
40 silly resolved     _shasum: '726d5e4af810f741ef21865f6f954c4078a3a45f',
40 silly resolved     _resolved: 'https://registry.npmjs.org/yuglify/-/yuglify-0.1.4.tgz',
40 silly resolved     homepage: 'https://github.com/yui/yuglify' } ]
41 info install yuglify@0.1.4 into /usr/lib
42 info installOne yuglify@0.1.4
43 verbose lib/node_modules/yuglify unbuild
44 verbose tar unpack /home/gus/.npm/yuglify/0.1.4/package.tgz
45 silly lockFile 2a7e1b13-tar-usr-lib-node-modules-yuglify tar:///usr/lib/node_modules/yuglify
46 verbose lock tar:///usr/lib/node_modules/yuglify /home/gus/.npm/2a7e1b13-tar-usr-lib-node-modules-yuglify.lock
47 silly lockFile 12f08558-us-npm-yuglify-0-1-4-package-tgz tar:///home/gus/.npm/yuglify/0.1.4/package.tgz
48 verbose lock tar:///home/gus/.npm/yuglify/0.1.4/package.tgz /home/gus/.npm/12f08558-us-npm-yuglify-0-1-4-package-tgz.lock
49 silly gunzTarPerm modes [ '775', '664' ]
50 error Error: EACCES, mkdir '/usr/lib/node_modules/yuglify'
50 error  { [Error: EACCES, mkdir '/usr/lib/node_modules/yuglify']
50 error   errno: 3,
50 error   code: 'EACCES',
50 error   path: '/usr/lib/node_modules/yuglify',
50 error   fstream_type: 'Directory',
50 error   fstream_path: '/usr/lib/node_modules/yuglify',
50 error   fstream_class: 'DirWriter',
50 error   fstream_stack:
50 error    [ '/usr/lib/node_modules/npm/node_modules/fstream/lib/dir-writer.js:36:23',
50 error      '/usr/lib/node_modules/npm/node_modules/mkdirp/index.js:46:53',
50 error      'Object.oncomplete (fs.js:108:15)' ] }
51 error Please try running this command again as root/Administrator.
52 error System Linux 3.2.0-35-generic
53 error command "/usr/bin/node" "/usr/bin/npm" "-g" "install" "yuglify"
54 error cwd /home/gus/projects/biogps_core/src/biogps
55 error node -v v0.10.37
56 error npm -v 1.4.28
57 error path /usr/lib/node_modules/yuglify
58 error fstream_path /usr/lib/node_modules/yuglify
59 error fstream_type Directory
60 error fstream_class DirWriter
61 error code EACCES
62 error errno 3
63 error stack Error: EACCES, mkdir '/usr/lib/node_modules/yuglify'
64 error fstream_stack /usr/lib/node_modules/npm/node_modules/fstream/lib/dir-writer.js:36:23
64 error fstream_stack /usr/lib/node_modules/npm/node_modules/mkdirp/index.js:46:53
64 error fstream_stack Object.oncomplete (fs.js:108:15)
65 verbose exit [ 3, true ]
